[29-Nov-2014 01:20:13] PHP Notice:  Undefined variable: attributes in /var/www/html/sites/all/themes/ecogig_neat/templates/node--blog_post.tpl.php on line 1
[29-Nov-2014 01:20:13] PHP Notice:  Undefined variable: page in /var/www/html/sites/all/themes/ecogig_neat/templates/node--blog_post.tpl.php on line 2
[29-Nov-2014 01:20:13] PHP Fatal error:  Call to undefined function render() in /var/www/html/sites/all/themes/ecogig_neat/templates/node--blog_post.tpl.php on line 6
[29-Nov-2014 01:20:15] PHP Notice:  Undefined variable: wrapper in /var/www/html/sites/all/themes/ecogig_neat/templates/zone--content.tpl.php on line 1
[29-Nov-2014 01:20:15] PHP Notice:  Undefined variable: content_attributes in /var/www/html/sites/all/themes/ecogig_neat/templates/zone--content.tpl.php on line 2
[29-Nov-2014 01:20:15] PHP Notice:  Undefined variable: messages in /var/www/html/sites/all/themes/ecogig_neat/templates/zone--content.tpl.php on line 3
[29-Nov-2014 01:20:15] PHP Notice:  Undefined variable: content in /var/www/html/sites/all/themes/ecogig_neat/templates/zone--content.tpl.php on line 6
[29-Nov-2014 01:20:15] PHP Notice:  Undefined variable: wrapper in /var/www/html/sites/all/themes/ecogig_neat/templates/zone--content.tpl.php on line 8
[29-Nov-2014 01:20:32] PHP Notice:  Undefined variable: attributes in /var/www/html/sites/all/themes/ecogig_neat/templates/region--content.tpl.php on line 1
[29-Nov-2014 01:20:32] PHP Notice:  Undefined variable: content_attributes in /var/www/html/sites/all/themes/ecogig_neat/templates/region--content.tpl.php on line 2
[29-Nov-2014 01:20:32] PHP Notice:  Undefined variable: breadcrumb in /var/www/html/sites/all/themes/ecogig_neat/templates/region--content.tpl.php on line 4
[29-Nov-2014 01:20:32] PHP Fatal error:  Call to undefined function render() in /var/www/html/sites/all/themes/ecogig_neat/templates/region--content.tpl.php on line 7
[29-Nov-2014 01:20:40] PHP Notice:  Undefined variable: attributes in /var/www/html/sites/all/themes/ecogig_neat/templates/node--photo.tpl.php on line 1
[29-Nov-2014 01:20:40] PHP Notice:  Undefined variable: user_picture in /var/www/html/sites/all/themes/ecogig_neat/templates/node--photo.tpl.php on line 2
[29-Nov-2014 01:20:40] PHP Fatal error:  Call to undefined function render() in /var/www/html/sites/all/themes/ecogig_neat/templates/node--photo.tpl.php on line 3
[29-Nov-2014 01:21:50] PHP Parse error:  syntax error, unexpected T_ENDIF in /var/www/html/sites/all/themes/ecogig_neat/templates/node--blog-post.tpl.php on line 4
[02-Dec-2014 13:17:37] PHP Parse error:  syntax error, unexpected T_ENDIF in /var/www/html/sites/all/themes/ecogig_neat/templates/node--blog-post.tpl.php on line 4
[02-Dec-2014 13:17:50] PHP Notice:  Undefined variable: attributes in /var/www/html/sites/all/themes/ecogig_neat/templates/node--blog_post.tpl.php on line 1
[02-Dec-2014 13:17:50] PHP Notice:  Undefined variable: page in /var/www/html/sites/all/themes/ecogig_neat/templates/node--blog_post.tpl.php on line 2
[02-Dec-2014 13:17:50] PHP Fatal error:  Call to undefined function render() in /var/www/html/sites/all/themes/ecogig_neat/templates/node--blog_post.tpl.php on line 6
[02-Dec-2014 13:18:04] PHP Notice:  Undefined variable: attributes in /var/www/html/sites/all/themes/ecogig_neat/templates/node--photo.tpl.php on line 1
[02-Dec-2014 13:18:04] PHP Notice:  Undefined variable: user_picture in /var/www/html/sites/all/themes/ecogig_neat/templates/node--photo.tpl.php on line 2
[02-Dec-2014 13:18:04] PHP Fatal error:  Call to undefined function render() in /var/www/html/sites/all/themes/ecogig_neat/templates/node--photo.tpl.php on line 3
[02-Dec-2014 13:18:30] PHP Notice:  Undefined variable: attributes in /var/www/html/sites/all/themes/ecogig_neat/templates/region--content.tpl.php on line 1
[02-Dec-2014 13:18:30] PHP Notice:  Undefined variable: content_attributes in /var/www/html/sites/all/themes/ecogig_neat/templates/region--content.tpl.php on line 2
[02-Dec-2014 13:18:30] PHP Notice:  Undefined variable: breadcrumb in /var/www/html/sites/all/themes/ecogig_neat/templates/region--content.tpl.php on line 4
[02-Dec-2014 13:18:30] PHP Fatal error:  Call to undefined function render() in /var/www/html/sites/all/themes/ecogig_neat/templates/region--content.tpl.php on line 7
[02-Dec-2014 13:18:44] PHP Notice:  Undefined variable: wrapper in /var/www/html/sites/all/themes/ecogig_neat/templates/zone--content.tpl.php on line 1
[02-Dec-2014 13:18:44] PHP Notice:  Undefined variable: content_attributes in /var/www/html/sites/all/themes/ecogig_neat/templates/zone--content.tpl.php on line 2
[02-Dec-2014 13:18:44] PHP Notice:  Undefined variable: messages in /var/www/html/sites/all/themes/ecogig_neat/templates/zone--content.tpl.php on line 3
[02-Dec-2014 13:18:44] PHP Notice:  Undefined variable: content in /var/www/html/sites/all/themes/ecogig_neat/templates/zone--content.tpl.php on line 6
[02-Dec-2014 13:18:44] PHP Notice:  Undefined variable: wrapper in /var/www/html/sites/all/themes/ecogig_neat/templates/zone--content.tpl.php on line 8
